[INFO ] 2018-11-23 08:49:33,617 com.webtest.utils.Log - Using Firefox
[INFO ] 2018-11-23 08:49:33,653 com.webtest.utils.Log - firefox
[INFO ] 2018-11-23 08:49:37,109 com.webtest.utils.Log - Opened url http://localhost:8032/MyMovie/admin.php/Login/index.html
[INFO ] 2018-11-23 08:49:37,110 com.webtest.utils.Log - Opened url ERROR
[INFO ] 2018-11-23 08:49:41,206 com.webtest.utils.Log - Opened url http://localhost:8032/MyMovie/admin.php/Login/index.html
[INFO ] 2018-11-23 08:49:41,206 com.webtest.utils.Log - Opened url ERROR
[ERROR] 2018-11-23 08:49:41,672 com.webtest.utils.Log - com.webtest.demo.Admin_Login@4d1b0d2a-testloginfail运行失败，需要截屏
[ERROR] 2018-11-23 08:49:42,001 com.webtest.utils.Log - com.webtest.demo.Admin_Login@4d1b0d2a-testloginfail运行失败，发送邮件
[ERROR] 2018-11-23 08:50:01,691 com.webtest.utils.Log - com.webtest.demo.Admin_Login@4d1b0d2a-testloginfail运行失败，需要截屏
[ERROR] 2018-11-23 08:50:01,840 com.webtest.utils.Log - com.webtest.demo.Admin_Login@4d1b0d2a-testloginfail运行失败，发送邮件
[INFO ] 2018-11-23 08:50:20,819 com.webtest.utils.Log - Quitted Browser
[INFO ] 2018-11-23 09:06:28,611 com.webtest.utils.Log - Using Firefox
[INFO ] 2018-11-23 09:06:28,650 com.webtest.utils.Log - firefox
[INFO ] 2018-11-23 09:06:32,128 com.webtest.utils.Log - Opened url http://localhost:8032/MyMovie/admin.php/Login/index.html
[INFO ] 2018-11-23 09:06:32,128 com.webtest.utils.Log - Opened url ERROR
[INFO ] 2018-11-23 09:06:36,157 com.webtest.utils.Log - Opened url http://localhost:8032/MyMovie/admin.php/Login/index.html
[INFO ] 2018-11-23 09:06:36,157 com.webtest.utils.Log - Opened url ERROR
[ERROR] 2018-11-23 09:06:36,522 com.webtest.utils.Log - com.webtest.demo.Admin_Login@4d1b0d2a-testloginfail运行失败，需要截屏
[ERROR] 2018-11-23 09:06:36,593 com.webtest.utils.Log - com.webtest.demo.Admin_Login@4d1b0d2a-testloginfail运行失败，发送邮件
[ERROR] 2018-11-23 09:06:55,222 com.webtest.utils.Log - com.webtest.demo.Admin_Login@4d1b0d2a-testloginfail运行失败，需要截屏
[ERROR] 2018-11-23 09:06:55,389 com.webtest.utils.Log - com.webtest.demo.Admin_Login@4d1b0d2a-testloginfail运行失败，发送邮件
[INFO ] 2018-11-23 09:07:14,248 com.webtest.utils.Log - Quitted Browser
[INFO ] 2018-11-23 09:26:55,369 com.webtest.utils.Log - Using Firefox
[INFO ] 2018-11-23 09:26:55,407 com.webtest.utils.Log - firefox
[INFO ] 2018-11-23 09:26:58,917 com.webtest.utils.Log - Opened url http://localhost:8032/MyMovie/admin.php/Login/index.html
[INFO ] 2018-11-23 09:26:58,918 com.webtest.utils.Log - Opened url ERROR
[INFO ] 2018-11-23 09:27:02,937 com.webtest.utils.Log - Opened url http://localhost:8032/MyMovie/admin.php/Login/index.html
[INFO ] 2018-11-23 09:27:02,938 com.webtest.utils.Log - Opened url ERROR
[ERROR] 2018-11-23 09:27:03,274 com.webtest.utils.Log - com.webtest.demo.Admin_Login@4d1b0d2a-testloginfail运行失败，需要截屏
[ERROR] 2018-11-23 09:27:03,356 com.webtest.utils.Log - com.webtest.demo.Admin_Login@4d1b0d2a-testloginfail运行失败，发送邮件
[INFO ] 2018-11-23 09:27:22,549 com.webtest.utils.Log - Quitted Browser
[INFO ] 2018-11-23 09:27:26,419 com.webtest.utils.Log - Using Firefox
[INFO ] 2018-11-23 09:27:26,447 com.webtest.utils.Log - firefox
[INFO ] 2018-11-23 09:27:30,420 com.webtest.utils.Log - Opened url http://localhost:8032/MyMovie
[INFO ] 2018-11-23 09:27:30,420 com.webtest.utils.Log - Opened url ERROR
[ERROR] 2018-11-23 09:27:30,775 com.webtest.utils.Log - com.webtest.demo.Front_Login_Test@954b04f-testLogin运行失败，需要截屏
[ERROR] 2018-11-23 09:27:31,058 com.webtest.utils.Log - com.webtest.demo.Front_Login_Test@954b04f-testLogin运行失败，发送邮件
[INFO ] 2018-11-23 09:27:52,855 com.webtest.utils.Log - Opened url http://localhost:8032/MyMovie
[INFO ] 2018-11-23 09:27:52,855 com.webtest.utils.Log - Opened url ERROR
[ERROR] 2018-11-23 09:27:53,189 com.webtest.utils.Log - com.webtest.demo.Front_Login_Test@954b04f-testfail运行失败，需要截屏
[ERROR] 2018-11-23 09:27:53,428 com.webtest.utils.Log - com.webtest.demo.Front_Login_Test@954b04f-testfail运行失败，发送邮件
[INFO ] 2018-11-23 09:28:12,203 com.webtest.utils.Log - Quitted Browser
[INFO ] 2018-11-23 09:28:16,068 com.webtest.utils.Log - Using Firefox
[INFO ] 2018-11-23 09:28:16,094 com.webtest.utils.Log - firefox
[INFO ] 2018-11-23 09:28:20,034 com.webtest.utils.Log - Opened url http://localhost:8032/MyMovie
[INFO ] 2018-11-23 09:28:20,034 com.webtest.utils.Log - Opened url ERROR
[ERROR] 2018-11-23 09:28:20,364 com.webtest.utils.Log - com.webtest.demo.Front_Login1@17211155-testSearch运行失败，需要截屏
[ERROR] 2018-11-23 09:28:20,586 com.webtest.utils.Log - com.webtest.demo.Front_Login1@17211155-testSearch运行失败，发送邮件
[INFO ] 2018-11-23 09:28:42,322 com.webtest.utils.Log - Opened url http://localhost:8032/MyMovie
[INFO ] 2018-11-23 09:28:42,322 com.webtest.utils.Log - Opened url ERROR
[ERROR] 2018-11-23 09:28:42,647 com.webtest.utils.Log - com.webtest.demo.Front_Login1@17211155-testSearch运行失败，需要截屏
[ERROR] 2018-11-23 09:28:42,882 com.webtest.utils.Log - com.webtest.demo.Front_Login1@17211155-testSearch运行失败，发送邮件
[INFO ] 2018-11-23 09:29:01,618 com.webtest.utils.Log - Quitted Browser
[INFO ] 2018-11-23 10:16:41,482 com.webtest.utils.Log - Using Firefox
[INFO ] 2018-11-23 10:16:41,516 com.webtest.utils.Log - firefox
[INFO ] 2018-11-23 10:16:44,989 com.webtest.utils.Log - Opened url :http://localhost:8032/MyMovie/admin.php/Login/index.html
[INFO ] 2018-11-23 10:16:44,989 com.webtest.utils.Log - Opened url ERROR
[INFO ] 2018-11-23 10:16:48,965 com.webtest.utils.Log - Opened url :http://localhost:8032/MyMovie/admin.php/Login/index.html
[INFO ] 2018-11-23 10:16:48,966 com.webtest.utils.Log - Opened url ERROR
[ERROR] 2018-11-23 10:16:49,319 com.webtest.utils.Log - com.webtest.demo.Admin_Login@4d1b0d2a-testloginfail运行失败，需要截屏
[ERROR] 2018-11-23 10:16:49,393 com.webtest.utils.Log - com.webtest.demo.Admin_Login@4d1b0d2a-testloginfail运行失败，发送邮件
[INFO ] 2018-11-23 10:17:08,634 com.webtest.utils.Log - Quitted Browser
[INFO ] 2018-11-23 10:17:12,513 com.webtest.utils.Log - Using Firefox
[INFO ] 2018-11-23 10:17:12,547 com.webtest.utils.Log - firefox
[INFO ] 2018-11-23 10:17:16,443 com.webtest.utils.Log - Opened url :http://localhost:8032/MyMovie
[INFO ] 2018-11-23 10:17:16,443 com.webtest.utils.Log - Opened url ERROR
[ERROR] 2018-11-23 10:17:16,803 com.webtest.utils.Log - com.webtest.demo.Front_Login_Test@954b04f-testLogin运行失败，需要截屏
[ERROR] 2018-11-23 10:17:17,095 com.webtest.utils.Log - com.webtest.demo.Front_Login_Test@954b04f-testLogin运行失败，发送邮件
[INFO ] 2018-11-23 10:17:38,885 com.webtest.utils.Log - Opened url :http://localhost:8032/MyMovie
[INFO ] 2018-11-23 10:17:38,885 com.webtest.utils.Log - Opened url ERROR
[ERROR] 2018-11-23 10:17:39,180 com.webtest.utils.Log - com.webtest.demo.Front_Login_Test@954b04f-testfail运行失败，需要截屏
[ERROR] 2018-11-23 10:17:39,402 com.webtest.utils.Log - com.webtest.demo.Front_Login_Test@954b04f-testfail运行失败，发送邮件
[INFO ] 2018-11-23 10:17:58,186 com.webtest.utils.Log - Quitted Browser
[INFO ] 2018-11-23 10:18:02,051 com.webtest.utils.Log - Using Firefox
[INFO ] 2018-11-23 10:18:02,087 com.webtest.utils.Log - firefox
[INFO ] 2018-11-23 10:18:05,966 com.webtest.utils.Log - Opened url :http://localhost:8032/MyMovie
[INFO ] 2018-11-23 10:18:05,967 com.webtest.utils.Log - Opened url ERROR
[ERROR] 2018-11-23 10:18:06,356 com.webtest.utils.Log - com.webtest.demo.Front_Login1@17211155-testSearch运行失败，需要截屏
[ERROR] 2018-11-23 10:18:06,581 com.webtest.utils.Log - com.webtest.demo.Front_Login1@17211155-testSearch运行失败，发送邮件
[INFO ] 2018-11-23 10:18:28,472 com.webtest.utils.Log - Opened url :http://localhost:8032/MyMovie
[INFO ] 2018-11-23 10:18:28,472 com.webtest.utils.Log - Opened url ERROR
[ERROR] 2018-11-23 10:18:28,808 com.webtest.utils.Log - com.webtest.demo.Front_Login1@17211155-testSearch运行失败，需要截屏
[ERROR] 2018-11-23 10:18:29,042 com.webtest.utils.Log - com.webtest.demo.Front_Login1@17211155-testSearch运行失败，发送邮件
[INFO ] 2018-11-23 10:18:47,826 com.webtest.utils.Log - Quitted Browser
[INFO ] 2018-11-23 10:36:32,256 com.webtest.utils.Log - Using Firefox
[INFO ] 2018-11-23 10:36:32,305 com.webtest.utils.Log - firefox
[INFO ] 2018-11-23 10:36:35,800 com.webtest.utils.Log - Opened url :http://localhost:8032/MyMovie/admin.php/Login/index.html
[INFO ] 2018-11-23 10:36:35,800 com.webtest.utils.Log - Opened url ERROR
[INFO ] 2018-11-23 10:36:39,835 com.webtest.utils.Log - Opened url :http://localhost:8032/MyMovie/admin.php/Login/index.html
[INFO ] 2018-11-23 10:36:39,835 com.webtest.utils.Log - Opened url ERROR
[ERROR] 2018-11-23 10:36:40,128 com.webtest.utils.Log - com.webtest.demo.Admin_Login@4d1b0d2a-testloginfail运行失败，需要截屏
[ERROR] 2018-11-23 10:36:40,212 com.webtest.utils.Log - com.webtest.demo.Admin_Login@4d1b0d2a-testloginfail运行失败，发送邮件
[INFO ] 2018-11-23 10:36:59,743 com.webtest.utils.Log - Quitted Browser
[INFO ] 2018-11-23 10:37:03,622 com.webtest.utils.Log - Using Firefox
[INFO ] 2018-11-23 10:37:03,659 com.webtest.utils.Log - firefox
[INFO ] 2018-11-23 10:37:07,605 com.webtest.utils.Log - Opened url :http://localhost:8032/MyMovie
[INFO ] 2018-11-23 10:37:07,605 com.webtest.utils.Log - Opened url ERROR
[ERROR] 2018-11-23 10:37:07,957 com.webtest.utils.Log - com.webtest.demo.Front_Login_Test@954b04f-testLogin运行失败，需要截屏
[ERROR] 2018-11-23 10:37:08,320 com.webtest.utils.Log - com.webtest.demo.Front_Login_Test@954b04f-testLogin运行失败，发送邮件
[INFO ] 2018-11-23 10:37:30,284 com.webtest.utils.Log - Opened url :http://localhost:8032/MyMovie
[INFO ] 2018-11-23 10:37:30,287 com.webtest.utils.Log - Opened url ERROR
[ERROR] 2018-11-23 10:37:30,644 com.webtest.utils.Log - com.webtest.demo.Front_Login_Test@954b04f-testfail运行失败，需要截屏
[ERROR] 2018-11-23 10:37:30,914 com.webtest.utils.Log - com.webtest.demo.Front_Login_Test@954b04f-testfail运行失败，发送邮件
[INFO ] 2018-11-23 10:37:50,106 com.webtest.utils.Log - Quitted Browser
[INFO ] 2018-11-23 10:37:53,981 com.webtest.utils.Log - Using Firefox
[INFO ] 2018-11-23 10:37:54,016 com.webtest.utils.Log - firefox
[INFO ] 2018-11-23 10:37:58,045 com.webtest.utils.Log - Opened url :http://localhost:8032/MyMovie
[INFO ] 2018-11-23 10:37:58,047 com.webtest.utils.Log - Opened url ERROR
[ERROR] 2018-11-23 10:37:58,404 com.webtest.utils.Log - com.webtest.demo.Front_Login1@17211155-testSearch运行失败，需要截屏
[ERROR] 2018-11-23 10:37:58,637 com.webtest.utils.Log - com.webtest.demo.Front_Login1@17211155-testSearch运行失败，发送邮件
[INFO ] 2018-11-23 10:38:21,473 com.webtest.utils.Log - Opened url :http://localhost:8032/MyMovie
[INFO ] 2018-11-23 10:38:21,473 com.webtest.utils.Log - Opened url ERROR
[ERROR] 2018-11-23 10:38:21,783 com.webtest.utils.Log - com.webtest.demo.Front_Login1@17211155-testSearch运行失败，需要截屏
[ERROR] 2018-11-23 10:38:22,005 com.webtest.utils.Log - com.webtest.demo.Front_Login1@17211155-testSearch运行失败，发送邮件
[INFO ] 2018-11-23 10:38:43,606 com.webtest.utils.Log - Quitted Browser
[INFO ] 2018-11-23 11:00:34,718 com.webtest.utils.Log - Using Firefox
[INFO ] 2018-11-23 11:00:34,754 com.webtest.utils.Log - firefox
[INFO ] 2018-11-23 11:00:38,234 com.webtest.utils.Log - Opened url :http://localhost:8032/MyMovie/admin.php/Login/index.html
[INFO ] 2018-11-23 11:00:38,234 com.webtest.utils.Log - Opened url ERROR
[INFO ] 2018-11-23 11:00:42,221 com.webtest.utils.Log - Opened url :http://localhost:8032/MyMovie/admin.php/Login/index.html
[INFO ] 2018-11-23 11:00:42,221 com.webtest.utils.Log - Opened url ERROR
[ERROR] 2018-11-23 11:00:42,553 com.webtest.utils.Log - com.webtest.demo.Admin_Login@4d1b0d2a-testloginfail运行失败，需要截屏
[ERROR] 2018-11-23 11:00:42,626 com.webtest.utils.Log - com.webtest.demo.Admin_Login@4d1b0d2a-testloginfail运行失败，发送邮件
[INFO ] 2018-11-23 11:01:01,728 com.webtest.utils.Log - Quitted Browser
[INFO ] 2018-11-23 11:01:05,585 com.webtest.utils.Log - Using Firefox
[INFO ] 2018-11-23 11:01:05,613 com.webtest.utils.Log - firefox
[INFO ] 2018-11-23 11:01:09,525 com.webtest.utils.Log - Opened url :http://localhost:8032/MyMovie
[INFO ] 2018-11-23 11:01:09,525 com.webtest.utils.Log - Opened url ERROR
[ERROR] 2018-11-23 11:01:09,875 com.webtest.utils.Log - com.webtest.demo.Front_Login_Test@954b04f-testLogin运行失败，需要截屏
[ERROR] 2018-11-23 11:01:10,120 com.webtest.utils.Log - com.webtest.demo.Front_Login_Test@954b04f-testLogin运行失败，发送邮件
[INFO ] 2018-11-23 11:01:31,868 com.webtest.utils.Log - Opened url :http://localhost:8032/MyMovie
[INFO ] 2018-11-23 11:01:31,868 com.webtest.utils.Log - Opened url ERROR
[ERROR] 2018-11-23 11:01:32,227 com.webtest.utils.Log - com.webtest.demo.Front_Login_Test@954b04f-testfail运行失败，需要截屏
[ERROR] 2018-11-23 11:01:32,503 com.webtest.utils.Log - com.webtest.demo.Front_Login_Test@954b04f-testfail运行失败，发送邮件
[INFO ] 2018-11-23 11:01:51,420 com.webtest.utils.Log - Quitted Browser
[INFO ] 2018-11-23 11:01:55,299 com.webtest.utils.Log - Using Firefox
[INFO ] 2018-11-23 11:01:55,329 com.webtest.utils.Log - firefox
[INFO ] 2018-11-23 11:01:59,378 com.webtest.utils.Log - Opened url :http://localhost:8032/MyMovie
[INFO ] 2018-11-23 11:01:59,378 com.webtest.utils.Log - Opened url ERROR
[ERROR] 2018-11-23 11:01:59,731 com.webtest.utils.Log - com.webtest.demo.Front_Login1@17211155-testSearch运行失败，需要截屏
[ERROR] 2018-11-23 11:01:59,958 com.webtest.utils.Log - com.webtest.demo.Front_Login1@17211155-testSearch运行失败，发送邮件
[INFO ] 2018-11-23 11:02:21,795 com.webtest.utils.Log - Opened url :http://localhost:8032/MyMovie
[INFO ] 2018-11-23 11:02:21,796 com.webtest.utils.Log - Opened url ERROR
[ERROR] 2018-11-23 11:02:22,127 com.webtest.utils.Log - com.webtest.demo.Front_Login1@17211155-testSearch运行失败，需要截屏
[ERROR] 2018-11-23 11:02:22,346 com.webtest.utils.Log - com.webtest.demo.Front_Login1@17211155-testSearch运行失败，发送邮件
[INFO ] 2018-11-23 11:02:41,045 com.webtest.utils.Log - Quitted Browser
[INFO ] 2018-11-23 11:05:23,593 com.webtest.utils.Log - Using Firefox
[INFO ] 2018-11-23 11:05:23,623 com.webtest.utils.Log - firefox
[INFO ] 2018-11-23 11:05:27,098 com.webtest.utils.Log - Opened url :http://localhost:8032/MyMovie/admin.php/Login/index.html
[INFO ] 2018-11-23 11:05:27,098 com.webtest.utils.Log - Opened url ERROR
[INFO ] 2018-11-23 11:05:31,138 com.webtest.utils.Log - Opened url :http://localhost:8032/MyMovie/admin.php/Login/index.html
[INFO ] 2018-11-23 11:05:31,139 com.webtest.utils.Log - Opened url ERROR
[ERROR] 2018-11-23 11:05:31,502 com.webtest.utils.Log - com.webtest.demo.Admin_Login@4d1b0d2a-testloginfail运行失败，需要截屏
[ERROR] 2018-11-23 11:05:31,575 com.webtest.utils.Log - com.webtest.demo.Admin_Login@4d1b0d2a-testloginfail运行失败，发送邮件
[INFO ] 2018-11-23 11:05:50,591 com.webtest.utils.Log - Quitted Browser
[INFO ] 2018-11-23 11:05:54,429 com.webtest.utils.Log - Using Firefox
[INFO ] 2018-11-23 11:05:54,463 com.webtest.utils.Log - firefox
[INFO ] 2018-11-23 11:05:58,337 com.webtest.utils.Log - Opened url :http://localhost:8032/MyMovie
[INFO ] 2018-11-23 11:05:58,343 com.webtest.utils.Log - Opened url ERROR
[ERROR] 2018-11-23 11:05:58,711 com.webtest.utils.Log - com.webtest.demo.Front_Login_Test@954b04f-testLogin运行失败，需要截屏
[ERROR] 2018-11-23 11:05:58,985 com.webtest.utils.Log - com.webtest.demo.Front_Login_Test@954b04f-testLogin运行失败，发送邮件
[INFO ] 2018-11-23 11:06:20,721 com.webtest.utils.Log - Opened url :http://localhost:8032/MyMovie
[INFO ] 2018-11-23 11:06:20,721 com.webtest.utils.Log - Opened url ERROR
[ERROR] 2018-11-23 11:06:21,035 com.webtest.utils.Log - com.webtest.demo.Front_Login_Test@954b04f-testfail运行失败，需要截屏
[ERROR] 2018-11-23 11:06:21,274 com.webtest.utils.Log - com.webtest.demo.Front_Login_Test@954b04f-testfail运行失败，发送邮件
[INFO ] 2018-11-23 11:06:39,971 com.webtest.utils.Log - Quitted Browser
[INFO ] 2018-11-26 14:28:46,178 com.webtest.utils.Log - Using Firefox
[INFO ] 2018-11-26 14:28:46,270 com.webtest.utils.Log - firefox
[INFO ] 2018-11-26 14:28:49,890 com.webtest.utils.Log - Opened url :http://localhost:8032/MyMovie/admin.php/Login/index.html
[INFO ] 2018-11-26 14:28:49,891 com.webtest.utils.Log - Opened url ERROR
[INFO ] 2018-11-26 14:28:54,200 com.webtest.utils.Log - Opened url :http://localhost:8032/MyMovie/admin.php/Login/index.html
[INFO ] 2018-11-26 14:28:54,201 com.webtest.utils.Log - Opened url ERROR
[ERROR] 2018-11-26 14:28:54,529 com.webtest.utils.Log - com.webtest.demo.Admin_Login@4d1b0d2a-testloginfail运行失败，需要截屏
[ERROR] 2018-11-26 14:28:54,631 com.webtest.utils.Log - com.webtest.demo.Admin_Login@4d1b0d2a-testloginfail运行失败，发送邮件
[INFO ] 2018-11-26 14:29:19,195 com.webtest.utils.Log - Quitted Browser
[INFO ] 2018-11-26 14:29:23,060 com.webtest.utils.Log - Using Firefox
[INFO ] 2018-11-26 14:29:23,093 com.webtest.utils.Log - firefox
[INFO ] 2018-11-26 14:29:26,971 com.webtest.utils.Log - Opened url :http://localhost:8032/MyMovie
[INFO ] 2018-11-26 14:29:26,972 com.webtest.utils.Log - Opened url ERROR
[ERROR] 2018-11-26 14:29:27,415 com.webtest.utils.Log - com.webtest.demo.Front_Login_Test@954b04f-testLogin运行失败，需要截屏
[ERROR] 2018-11-26 14:29:27,689 com.webtest.utils.Log - com.webtest.demo.Front_Login_Test@954b04f-testLogin运行失败，发送邮件
[INFO ] 2018-11-26 14:29:50,281 com.webtest.utils.Log - Opened url :http://localhost:8032/MyMovie
[INFO ] 2018-11-26 14:29:50,281 com.webtest.utils.Log - Opened url ERROR
[ERROR] 2018-11-26 14:29:50,633 com.webtest.utils.Log - com.webtest.demo.Front_Login_Test@954b04f-testfail运行失败，需要截屏
[ERROR] 2018-11-26 14:29:50,846 com.webtest.utils.Log - com.webtest.demo.Front_Login_Test@954b04f-testfail运行失败，发送邮件
[INFO ] 2018-11-26 14:30:10,103 com.webtest.utils.Log - Quitted Browser
